<?xml version="1.0" encoding="UTF-8"?>
<!-- Generated by org.testng.reporters.JUnitXMLReporter -->
<testsuite ignored="0" hostname="LAPTOP-MPOG5PBP" failures="0" tests="3" name="maplogik" time="42.556" errors="0" timestamp="2022-07-19T19:11:10 IST">
  <testcase classname="com.testCases.Sports_testcases" name="sports" time="25.19"/>
  <testcase classname="com.testCases.Sports_testcases" name="sports_approval" time="7.551"/>
  <testcase classname="com.testCases.Sports_testcases" name="takescreenshot" time="9.54"/>
</testsuite> <!-- maplogik -->
