<?xml version="1.0" encoding="UTF-8"?>
<testng-results ignored="0" total="1" passed="1" failed="0" skipped="0">
  <reporter-output>
  </reporter-output>
  <suite started-at="2022-07-12T19:03:56 IST" name="maplogik" finished-at="2022-07-12T19:04:56 IST" duration-ms="59706">
    <groups>
    </groups>
    <test started-at="2022-07-12T19:03:56 IST" name="maplogik" finished-at="2022-07-12T19:04:56 IST" duration-ms="59706">
      <class name="com.testCases.Get_student_info_testcases">
        <test-method signature="student_info()[pri:0, instance:com.testCases.Get_student_info_testcases@74fe5c40]" started-at="2022-07-12T19:03:56 IST" name="student_info" finished-at="2022-07-12T19:04:56 IST" duration-ms="59670" status="PASS">
          <reporter-output>
          </reporter-output>
        </test-method> <!-- student_info -->
        <test-method is-config="true" signature="closebrowser()[pri:0, instance:com.testCases.Get_student_info_testcases@74fe5c40]" started-at="2022-07-12T19:04:56 IST" name="closebrowser" finished-at="2022-07-12T19:04:56 IST" duration-ms="1" status="PASS">
          <reporter-output>
          </reporter-output>
        </test-method> <!-- closebrowser -->
      </class> <!-- com.testCases.Get_student_info_testcases -->
    </test> <!-- maplogik -->
  </suite> <!-- maplogik -->
</testng-results>
