<?xml version="1.0" encoding="UTF-8"?>
<testng-results ignored="0" total="3" passed="3" failed="0" skipped="0">
  <reporter-output>
  </reporter-output>
  <suite started-at="2022-07-19T19:10:27 IST" name="maplogik" finished-at="2022-07-19T19:11:10 IST" duration-ms="42556">
    <groups>
    </groups>
    <test started-at="2022-07-19T19:10:27 IST" name="maplogik" finished-at="2022-07-19T19:11:10 IST" duration-ms="42556">
      <class name="com.testCases.Sports_testcases">
        <test-method signature="sports()[pri:1, instance:com.testCases.Sports_testcases@5c33f1a9]" started-at="2022-07-19T19:10:27 IST" name="sports" finished-at="2022-07-19T19:10:52 IST" duration-ms="25190" status="PASS">
          <reporter-output>
          </reporter-output>
        </test-method> <!-- sports -->
        <test-method is-config="true" signature="closebrowser()[pri:0, instance:com.testCases.Sports_testcases@5c33f1a9]" started-at="2022-07-19T19:10:52 IST" name="closebrowser" finished-at="2022-07-19T19:10:52 IST" duration-ms="70" status="PASS">
          <reporter-output>
          </reporter-output>
        </test-method> <!-- closebrowser -->
        <test-method signature="sports_approval()[pri:0, instance:com.testCases.Sports_testcases@5c33f1a9]" started-at="2022-07-19T19:10:52 IST" name="sports_approval" finished-at="2022-07-19T19:11:00 IST" depends-on-methods="com.testCases.Sports_testcases.sports" duration-ms="7551" status="PASS">
          <reporter-output>
          </reporter-output>
        </test-method> <!-- sports_approval -->
        <test-method is-config="true" signature="closebrowser()[pri:0, instance:com.testCases.Sports_testcases@5c33f1a9]" started-at="2022-07-19T19:11:00 IST" name="closebrowser" finished-at="2022-07-19T19:11:00 IST" duration-ms="74" status="PASS">
          <reporter-output>
          </reporter-output>
        </test-method> <!-- closebrowser -->
        <test-method signature="takescreenshot()[pri:0, instance:com.testCases.Sports_testcases@5c33f1a9]" started-at="2022-07-19T19:11:00 IST" name="takescreenshot" finished-at="2022-07-19T19:11:09 IST" depends-on-methods="com.testCases.Sports_testcases.sports_approval" duration-ms="9540" status="PASS">
          <reporter-output>
          </reporter-output>
        </test-method> <!-- takescreenshot -->
        <test-method is-config="true" signature="closebrowser()[pri:0, instance:com.testCases.Sports_testcases@5c33f1a9]" started-at="2022-07-19T19:11:09 IST" name="closebrowser" finished-at="2022-07-19T19:11:10 IST" duration-ms="84" status="PASS">
          <reporter-output>
          </reporter-output>
        </test-method> <!-- closebrowser -->
      </class> <!-- com.testCases.Sports_testcases -->
    </test> <!-- maplogik -->
  </suite> <!-- maplogik -->
</testng-results>
